<?xml version="1.0" encoding="UTF-8"?>
<!-- Generated by org.testng.reporters.JUnitXMLReporter -->
<testsuite ignored="0" hostname="NavinMessi" failures="1" tests="6" name="Test" time="0.177" errors="0" timestamp="2022-03-14T06:43:24 IST">
  <testcase classname="com.testNG.Iretry" name="pincode" time="0.029">
    <skipped/>
  </testcase> <!-- pincode -->
  <testcase classname="com.testNG.Iretry" name="pincode" time="0.002">
    <skipped/>
  </testcase> <!-- pincode -->
  <testcase classname="com.testNG.Iretry" name="pincode" time="0.003">
    <skipped/>
  </testcase> <!-- pincode -->
  <testcase classname="com.testNG.Iretry" name="pincode" time="0.004">
    <skipped/>
  </testcase> <!-- pincode -->
  <testcase classname="com.testNG.Iretry" name="pincode" time="0.002">
    <failure type="java.lang.AssertionError" message="expected [600056] but found [879456]">
      <![CDATA[java.lang.AssertionError: expected [600056] but found [879456]
at com.testNG.Iretry.pincode(Iretry.java:23)
at java.base/java.util.ArrayList.forEach(ArrayList.java:1511)
... Removed 33 stack frames]]>
    </failure>
  </testcase> <!-- pincode -->
  <testcase classname="com.testNG.Iretry" name="place" time="0.001"/>
</testsuite> <!-- Test -->
